
> tasks@0.1.0 test
> react-scripts test --coverage

Browserslist: caniuse-lite is outdated. Please run:
  npx browserslist@latest --update-db
  Why you should do it regularly: https://github.com/browserslist/browserslist#browsers-data-updating
FAIL src/quizzer/Quizzer.test.tsx
  ● Quizzer Tests › Quiz questions can be of AT LEAST two types: a short answer question or multiple choice question

    expect(received).toBeTruthy()

    Received: false

      238 |             "question_type_dropdown_0"
      239 |         );
    > 240 |         expect(options[0].selected).toBeTruthy();
          |                                     ^
      241 |         expect(options[1].selected).toBeFalsy();
      242 |
      243 |         const saveButton = screen.getByText("Save");

      at Object.<anonymous> (src/quizzer/Quizzer.test.tsx:240:37)

PASS src/App.test.tsx
-------------------|---------|----------|---------|---------|---------------------------------------------
File               | % Stmts | % Branch | % Funcs | % Lines | Uncovered Line #s                           
-------------------|---------|----------|---------|---------|---------------------------------------------
All files          |   81.87 |    81.66 |   76.71 |   81.69 |                                             
 src               |   66.66 |       50 |      50 |   66.66 |                                             
  App.tsx          |   66.66 |       50 |      50 |   66.66 | 16                                          
 src/interfaces    |       0 |        0 |       0 |       0 |                                             
  question.ts      |       0 |        0 |       0 |       0 |                                             
  quiz.ts          |       0 |        0 |       0 |       0 |                                             
 src/quizzer       |   82.19 |    83.92 |   77.46 |   82.01 |                                             
  AddQuizModal.tsx |   64.28 |      100 |      40 |   64.28 | 38-58                                       
  QuestionEdit.tsx |   44.82 |    64.28 |      40 |   44.82 | 28-31,59-60,67-69,77-79,102-175,209,236,261 
  QuizCard.tsx     |     100 |       80 |     100 |     100 | 32                                          
  QuizEdit.tsx     |   82.75 |      100 |   73.33 |   84.61 | 49-51,88,118                                
  QuizExpanded.tsx |     100 |    85.71 |     100 |     100 | 83                                          
  QuizList.tsx     |     100 |      100 |     100 |     100 |                                             
  QuizQuestion.tsx |     100 |    85.71 |     100 |     100 | 24-31                                       
  QuizView.tsx     |     100 |      100 |     100 |     100 |                                             
  Quizzer.tsx      |     100 |      100 |     100 |     100 |                                             
-------------------|---------|----------|---------|---------|---------------------------------------------

Test Suites: 1 failed, 1 passed, 2 total
Tests:       1 failed, 14 passed, 15 total
Snapshots:   0 total
Time:        5.587 s
Ran all test suites.
