<?xml version="1.0" encoding="UTF-8"?>
<coverage generated="1698239417157" clover="3.2.0">
  <project timestamp="1698239417157" name="All files">
    <metrics statements="150" coveredstatements="121" conditionals="62" coveredconditionals="50" methods="75" coveredmethods="57" elements="287" coveredelements="228" complexity="0" loc="150" ncloc="150" packages="3" files="12" classes="12"/>
    <package name="src">
      <metrics statements="3" coveredstatements="2" conditionals="4" coveredconditionals="2" methods="2" coveredmethods="1"/>
      <file name="App.tsx" path="C:\Users\Owner\quizzer_start\src\App.tsx">
        <metrics statements="3" coveredstatements="2" conditionals="4" coveredconditionals="2" methods="2" coveredmethods="1"/>
        <line num="8" count="1" type="stmt"/>
        <line num="10" count="1" type="stmt"/>
        <line num="16" count="0" type="stmt"/>
      </file>
    </package>
    <package name="src.interfaces">
      <metrics statements="0" coveredstatements="0" conditionals="0" coveredconditionals="0" methods="0" coveredmethods="0"/>
      <file name="question.ts" path="C:\Users\Owner\quizzer_start\src\interfaces\question.ts">
        <metrics statements="0" coveredstatements="0" conditionals="0" coveredconditionals="0" methods="0" coveredmethods="0"/>
      </file>
      <file name="quiz.ts" path="C:\Users\Owner\quizzer_start\src\interfaces\quiz.ts">
        <metrics statements="0" coveredstatements="0" conditionals="0" coveredconditionals="0" methods="0" coveredmethods="0"/>
      </file>
    </package>
    <package name="src.quizzer">
      <metrics statements="147" coveredstatements="119" conditionals="58" coveredconditionals="48" methods="73" coveredmethods="56"/>
      <file name="AddQuizModal.tsx" path="C:\Users\Owner\quizzer_start\src\quizzer\AddQuizModal.tsx">
        <metrics statements="14" coveredstatements="9" conditionals="0" coveredconditionals="0" methods="5" coveredmethods="2"/>
        <line num="4" count="2" type="stmt"/>
        <line num="14" count="32" type="stmt"/>
        <line num="16" count="32" type="stmt"/>
        <line num="18" count="32" type="stmt"/>
        <line num="19" count="1" type="stmt"/>
        <line num="20" count="1" type="stmt"/>
        <line num="21" count="1" type="stmt"/>
        <line num="22" count="1" type="stmt"/>
        <line num="25" count="32" type="stmt"/>
        <line num="38" count="0" type="stmt"/>
        <line num="48" count="0" type="stmt"/>
        <line num="56" count="0" type="stmt"/>
        <line num="57" count="0" type="stmt"/>
        <line num="58" count="0" type="stmt"/>
      </file>
      <file name="QuestionEdit.tsx" path="C:\Users\Owner\quizzer_start\src\quizzer\QuestionEdit.tsx">
        <metrics statements="37" coveredstatements="18" conditionals="16" coveredconditionals="10" methods="17" coveredmethods="7"/>
        <line num="7" count="2" type="stmt"/>
        <line num="23" count="54" type="stmt"/>
        <line num="24" count="53" type="stmt"/>
        <line num="27" count="54" type="stmt"/>
        <line num="28" count="0" type="stmt"/>
        <line num="30" count="0" type="cond" truecount="0" falsecount="2"/>
        <line num="31" count="0" type="stmt"/>
        <line num="42" count="1" type="cond" truecount="1" falsecount="1"/>
        <line num="43" count="1" type="cond" truecount="1" falsecount="1"/>
        <line num="44" count="1" type="stmt"/>
        <line num="46" count="0" type="stmt"/>
        <line num="50" count="54" type="stmt"/>
        <line num="51" count="0" type="stmt"/>
        <line num="52" count="0" type="stmt"/>
        <line num="61" count="54" type="stmt"/>
        <line num="62" count="1" type="stmt"/>
        <line num="63" count="1" type="stmt"/>
        <line num="71" count="54" type="stmt"/>
        <line num="72" count="0" type="stmt"/>
        <line num="73" count="0" type="stmt"/>
        <line num="76" count="54" type="stmt"/>
        <line num="80" count="0" type="stmt"/>
        <line num="81" count="0" type="stmt"/>
        <line num="82" count="0" type="stmt"/>
        <line num="89" count="54" type="stmt"/>
        <line num="90" count="0" type="stmt"/>
        <line num="91" count="0" type="stmt"/>
        <line num="92" count="0" type="stmt"/>
        <line num="98" count="54" type="stmt"/>
        <line num="115" count="0" type="stmt"/>
        <line num="188" count="0" type="stmt"/>
        <line num="201" count="81" type="stmt"/>
        <line num="222" count="0" type="stmt"/>
        <line num="240" count="2" type="stmt"/>
        <line num="249" count="0" type="stmt"/>
        <line num="265" count="1" type="stmt"/>
        <line num="274" count="0" type="stmt"/>
      </file>
      <file name="QuizCard.tsx" path="C:\Users\Owner\quizzer_start\src\quizzer\QuizCard.tsx">
        <metrics statements="5" coveredstatements="5" conditionals="5" coveredconditionals="4" methods="3" coveredmethods="3"/>
        <line num="7" count="2" type="stmt"/>
        <line num="14" count="90" type="stmt"/>
        <line num="16" count="356" type="cond" truecount="3" falsecount="0"/>
        <line num="19" count="90" type="stmt"/>
        <line num="25" count="10" type="stmt"/>
      </file>
      <file name="QuizEdit.tsx" path="C:\Users\Owner\quizzer_start\src\quizzer\QuizEdit.tsx">
        <metrics statements="26" coveredstatements="22" conditionals="6" coveredconditionals="6" methods="15" coveredmethods="11"/>
        <line num="9" count="2" type="stmt"/>
        <line num="23" count="13" type="stmt"/>
        <line num="25" count="13" type="stmt"/>
        <line num="32" count="2" type="stmt"/>
        <line num="33" count="8" type="cond" truecount="2" falsecount="0"/>
        <line num="36" count="2" type="stmt"/>
        <line num="43" count="13" type="stmt"/>
        <line num="49" count="0" type="stmt"/>
        <line num="51" count="0" type="stmt"/>
        <line num="58" count="13" type="stmt"/>
        <line num="59" count="5" type="stmt"/>
        <line num="62" count="13" type="stmt"/>
        <line num="63" count="2" type="stmt"/>
        <line num="67" count="8" type="cond" truecount="2" falsecount="0"/>
        <line num="68" count="6" type="cond" truecount="2" falsecount="0"/>
        <line num="70" count="4" type="stmt"/>
        <line num="76" count="13" type="stmt"/>
        <line num="88" count="0" type="stmt"/>
        <line num="105" count="2" type="stmt"/>
        <line num="118" count="0" type="stmt"/>
        <line num="126" count="54" type="stmt"/>
        <line num="142" count="1" type="stmt"/>
        <line num="168" count="5" type="stmt"/>
        <line num="169" count="5" type="stmt"/>
        <line num="181" count="1" type="stmt"/>
        <line num="182" count="1" type="stmt"/>
      </file>
      <file name="QuizExpanded.tsx" path="C:\Users\Owner\quizzer_start\src\quizzer\QuizExpanded.tsx">
        <metrics statements="26" coveredstatements="26" conditionals="7" coveredconditionals="6" methods="12" coveredmethods="12"/>
        <line num="10" count="2" type="stmt"/>
        <line num="22" count="20" type="stmt"/>
        <line num="24" count="81" type="cond" truecount="3" falsecount="0"/>
        <line num="27" count="20" type="stmt"/>
        <line num="28" count="20" type="stmt"/>
        <line num="32" count="20" type="stmt"/>
        <line num="33" count="2" type="stmt"/>
        <line num="35" count="2" type="stmt"/>
        <line num="36" count="2" type="stmt"/>
        <line num="39" count="20" type="stmt"/>
        <line num="40" count="46" type="stmt"/>
        <line num="44" count="20" type="stmt"/>
        <line num="45" count="2" type="stmt"/>
        <line num="48" count="20" type="stmt"/>
        <line num="49" count="7" type="stmt"/>
        <line num="50" count="7" type="stmt"/>
        <line num="53" count="28" type="stmt"/>
        <line num="57" count="7" type="stmt"/>
        <line num="60" count="20" type="stmt"/>
        <line num="66" count="2" type="stmt"/>
        <line num="67" count="8" type="cond" truecount="2" falsecount="0"/>
        <line num="71" count="2" type="stmt"/>
        <line num="76" count="20" type="stmt"/>
        <line num="91" count="6" type="stmt"/>
        <line num="92" count="6" type="stmt"/>
        <line num="108" count="46" type="stmt"/>
      </file>
      <file name="QuizList.tsx" path="C:\Users\Owner\quizzer_start\src\quizzer\QuizList.tsx">
        <metrics statements="10" coveredstatements="10" conditionals="4" coveredconditionals="4" methods="5" coveredmethods="5"/>
        <line num="9" count="2" type="stmt"/>
        <line num="21" count="42" type="stmt"/>
        <line num="23" count="42" type="stmt"/>
        <line num="24" count="10" type="stmt"/>
        <line num="27" count="42" type="stmt"/>
        <line num="28" count="1" type="stmt"/>
        <line num="31" count="42" type="stmt"/>
        <line num="36" count="90" type="stmt"/>
        <line num="48" count="210" type="cond" truecount="2" falsecount="0"/>
        <line num="49" count="24" type="stmt"/>
      </file>
      <file name="QuizQuestion.tsx" path="C:\Users\Owner\quizzer_start\src\quizzer\QuizQuestion.tsx">
        <metrics statements="10" coveredstatements="10" conditionals="14" coveredconditionals="12" methods="4" coveredmethods="4"/>
        <line num="8" count="2" type="stmt"/>
        <line num="23" count="46" type="stmt"/>
        <line num="24" count="2" type="cond" truecount="1" falsecount="1"/>
        <line num="25" count="2" type="stmt"/>
        <line num="29" count="46" type="stmt"/>
        <line num="30" count="2" type="stmt"/>
        <line num="31" count="2" type="cond" truecount="1" falsecount="1"/>
        <line num="32" count="2" type="stmt"/>
        <line num="36" count="46" type="stmt"/>
        <line num="62" count="72" type="stmt"/>
      </file>
      <file name="QuizView.tsx" path="C:\Users\Owner\quizzer_start\src\quizzer\QuizView.tsx">
        <metrics statements="5" coveredstatements="5" conditionals="4" coveredconditionals="4" methods="2" coveredmethods="2"/>
        <line num="8" count="2" type="stmt"/>
        <line num="20" count="24" type="stmt"/>
        <line num="22" count="24" type="stmt"/>
        <line num="23" count="11" type="stmt"/>
        <line num="26" count="24" type="stmt"/>
      </file>
      <file name="Quizzer.tsx" path="C:\Users\Owner\quizzer_start\src\quizzer\Quizzer.tsx">
        <metrics statements="14" coveredstatements="14" conditionals="2" coveredconditionals="2" methods="10" coveredmethods="10"/>
        <line num="10" count="2" type="stmt"/>
        <line num="11" count="10" type="stmt"/>
        <line num="14" count="40" type="stmt"/>
        <line num="23" count="2" type="stmt"/>
        <line num="24" count="32" type="stmt"/>
        <line num="25" count="32" type="stmt"/>
        <line num="28" count="14" type="stmt"/>
        <line num="29" count="70" type="cond" truecount="2" falsecount="0"/>
        <line num="35" count="1" type="stmt"/>
        <line num="40" count="1" type="stmt"/>
        <line num="44" count="5" type="stmt"/>
        <line num="47" count="32" type="stmt"/>
        <line num="48" count="32" type="stmt"/>
        <line num="50" count="32" type="stmt"/>
      </file>
    </package>
  </project>
</coverage>
