{"C:\\Users\\Owner\\quizzer_start\\src\\App.tsx": {"path":"C:\\Users\\Owner\\quizzer_start\\src\\App.tsx","statementMap":{"0":{"start":{"line":8,"column":34},"end":{"line":8,"column":57}},"1":{"start":{"line":10,"column":4},"end":{"line":26,"column":6}},"2":{"start":{"line":16,"column":24},"end":{"line":16,"column":45}}},"fnMap":{"0":{"name":"App","decl":{"start":{"line":7,"column":9},"end":{"line":7,"column":12}},"loc":{"start":{"line":7,"column":28},"end":{"line":27,"column":1}},"line":7},"1":{"name":"(anonymous_1)","decl":{"start":{"line":15,"column":29},"end":{"line":15,"column":30}},"loc":{"start":{"line":15,"column":35},"end":{"line":17,"column":21}},"line":15}},"branchMap":{"0":{"loc":{"start":{"line":19,"column":21},"end":{"line":19,"column":50}},"type":"cond-expr","locations":[{"start":{"line":19,"column":31},"end":{"line":19,"column":40}},{"start":{"line":19,"column":43},"end":{"line":19,"column":50}}],"line":19},"1":{"loc":{"start":{"line":22,"column":35},"end":{"line":22,"column":61}},"type":"cond-expr","locations":[{"start":{"line":22,"column":45},"end":{"line":22,"column":52}},{"start":{"line":22,"column":55},"end":{"line":22,"column":61}}],"line":22}},"s":{"0":1,"1":1,"2":0},"f":{"0":1,"1":0},"b":{"0":[1,0],"1":[1,0]},"_coverageSchema":"1a1c01bbd47fc00a2c39e90264f33305004495a9","hash":"960575b49b15abee4c5836e50479726973843203"}
,"C:\\Users\\Owner\\quizzer_start\\src\\interfaces\\question.ts": {"path":"C:\\Users\\Owner\\quizzer_start\\src\\interfaces\\question.ts","statementMap":{},"fnMap":{},"branchMap":{},"s":{},"f":{},"b":{}}
,"C:\\Users\\Owner\\quizzer_start\\src\\interfaces\\quiz.ts": {"path":"C:\\Users\\Owner\\quizzer_start\\src\\interfaces\\quiz.ts","statementMap":{},"fnMap":{},"branchMap":{},"s":{},"f":{},"b":{}}
,"C:\\Users\\Owner\\quizzer_start\\src\\quizzer\\AddQuizModal.tsx": {"path":"C:\\Users\\Owner\\quizzer_start\\src\\quizzer\\AddQuizModal.tsx","statementMap":{"0":{"start":{"line":4,"column":28},"end":{"line":70,"column":1}},"1":{"start":{"line":14,"column":30},"end":{"line":14,"column":62}},"2":{"start":{"line":16,"column":28},"end":{"line":16,"column":67}},"3":{"start":{"line":18,"column":24},"end":{"line":23,"column":5}},"4":{"start":{"line":19,"column":8},"end":{"line":19,"column":29}},"5":{"start":{"line":20,"column":8},"end":{"line":20,"column":33}},"6":{"start":{"line":21,"column":8},"end":{"line":21,"column":39}},"7":{"start":{"line":22,"column":8},"end":{"line":22,"column":22}},"8":{"start":{"line":25,"column":4},"end":{"line":69,"column":6}},"9":{"start":{"line":38,"column":33},"end":{"line":38,"column":57}},"10":{"start":{"line":48,"column":33},"end":{"line":48,"column":56}},"11":{"start":{"line":56,"column":28},"end":{"line":56,"column":53}},"12":{"start":{"line":57,"column":28},"end":{"line":57,"column":59}},"13":{"start":{"line":58,"column":28},"end":{"line":58,"column":42}}},"fnMap":{"0":{"name":"(anonymous_0)","decl":{"start":{"line":4,"column":28},"end":{"line":4,"column":29}},"loc":{"start":{"line":13,"column":6},"end":{"line":70,"column":1}},"line":13},"1":{"name":"(anonymous_1)","decl":{"start":{"line":18,"column":24},"end":{"line":18,"column":25}},"loc":{"start":{"line":18,"column":30},"end":{"line":23,"column":5}},"line":18},"2":{"name":"(anonymous_2)","decl":{"start":{"line":36,"column":38},"end":{"line":36,"column":39}},"loc":{"start":{"line":38,"column":33},"end":{"line":38,"column":57}},"line":38},"3":{"name":"(anonymous_3)","decl":{"start":{"line":46,"column":38},"end":{"line":46,"column":39}},"loc":{"start":{"line":48,"column":33},"end":{"line":48,"column":56}},"line":48},"4":{"name":"(anonymous_4)","decl":{"start":{"line":55,"column":33},"end":{"line":55,"column":34}},"loc":{"start":{"line":55,"column":39},"end":{"line":59,"column":25}},"line":55}},"branchMap":{},"s":{"0":2,"1":31,"2":31,"3":31,"4":1,"5":1,"6":1,"7":1,"8":31,"9":0,"10":0,"11":0,"12":0,"13":0},"f":{"0":31,"1":1,"2":0,"3":0,"4":0},"b":{},"_coverageSchema":"1a1c01bbd47fc00a2c39e90264f33305004495a9","hash":"654dba657f4537e2efec6f3b175bad440d1edf0c"}
,"C:\\Users\\Owner\\quizzer_start\\src\\quizzer\\QuestionEdit.tsx": {"path":"C:\\Users\\Owner\\quizzer_start\\src\\quizzer\\QuestionEdit.tsx","statementMap":{"0":{"start":{"line":7,"column":28},"end":{"line":269,"column":1}},"1":{"start":{"line":23,"column":19},"end":{"line":25,"column":5}},"2":{"start":{"line":24,"column":50},"end":{"line":24,"column":73}},"3":{"start":{"line":27,"column":29},"end":{"line":37,"column":5}},"4":{"start":{"line":28,"column":8},"end":{"line":28,"column":13}},"5":{"start":{"line":30,"column":12},"end":{"line":30,"column":71}},"6":{"start":{"line":31,"column":8},"end":{"line":36,"column":11}},"7":{"start":{"line":47,"column":24},"end":{"line":55,"column":5}},"8":{"start":{"line":48,"column":8},"end":{"line":48,"column":13}},"9":{"start":{"line":49,"column":8},"end":{"line":54,"column":11}},"10":{"start":{"line":57,"column":25},"end":{"line":60,"column":5}},"11":{"start":{"line":58,"column":5},"end":{"line":58,"column":47}},"12":{"start":{"line":59,"column":8},"end":{"line":59,"column":44}},"13":{"start":{"line":62,"column":31},"end":{"line":73,"column":5}},"14":{"start":{"line":66,"column":27},"end":{"line":66,"column":48}},"15":{"start":{"line":67,"column":8},"end":{"line":67,"column":48}},"16":{"start":{"line":68,"column":8},"end":{"line":72,"column":11}},"17":{"start":{"line":75,"column":30},"end":{"line":82,"column":5}},"18":{"start":{"line":76,"column":20},"end":{"line":76,"column":44}},"19":{"start":{"line":77,"column":8},"end":{"line":77,"column":15}},"20":{"start":{"line":78,"column":8},"end":{"line":81,"column":11}},"21":{"start":{"line":84,"column":4},"end":{"line":268,"column":6}},"22":{"start":{"line":101,"column":36},"end":{"line":104,"column":39}},"23":{"start":{"line":131,"column":52},"end":{"line":131,"column":63}},"24":{"start":{"line":174,"column":44},"end":{"line":177,"column":47}},"25":{"start":{"line":187,"column":44},"end":{"line":214,"column":50}},"26":{"start":{"line":208,"column":56},"end":{"line":211,"column":58}},"27":{"start":{"line":226,"column":32},"end":{"line":226,"column":63}},"28":{"start":{"line":235,"column":32},"end":{"line":235,"column":63}},"29":{"start":{"line":251,"column":28},"end":{"line":254,"column":31}},"30":{"start":{"line":260,"column":28},"end":{"line":260,"column":56}}},"fnMap":{"0":{"name":"(anonymous_0)","decl":{"start":{"line":7,"column":28},"end":{"line":7,"column":29}},"loc":{"start":{"line":22,"column":6},"end":{"line":269,"column":1}},"line":22},"1":{"name":"(anonymous_1)","decl":{"start":{"line":24,"column":35},"end":{"line":24,"column":36}},"loc":{"start":{"line":24,"column":50},"end":{"line":24,"column":73}},"line":24},"2":{"name":"(anonymous_2)","decl":{"start":{"line":27,"column":29},"end":{"line":27,"column":30}},"loc":{"start":{"line":27,"column":73},"end":{"line":37,"column":5}},"line":27},"3":{"name":"(anonymous_3)","decl":{"start":{"line":47,"column":24},"end":{"line":47,"column":25}},"loc":{"start":{"line":47,"column":30},"end":{"line":55,"column":5}},"line":47},"4":{"name":"(anonymous_4)","decl":{"start":{"line":57,"column":25},"end":{"line":57,"column":26}},"loc":{"start":{"line":57,"column":69},"end":{"line":60,"column":5}},"line":57},"5":{"name":"(anonymous_5)","decl":{"start":{"line":62,"column":31},"end":{"line":62,"column":32}},"loc":{"start":{"line":65,"column":9},"end":{"line":73,"column":5}},"line":65},"6":{"name":"(anonymous_6)","decl":{"start":{"line":75,"column":30},"end":{"line":75,"column":31}},"loc":{"start":{"line":75,"column":74},"end":{"line":82,"column":5}},"line":75},"7":{"name":"(anonymous_7)","decl":{"start":{"line":98,"column":42},"end":{"line":98,"column":43}},"loc":{"start":{"line":100,"column":37},"end":{"line":105,"column":33}},"line":100},"8":{"name":"(anonymous_8)","decl":{"start":{"line":131,"column":47},"end":{"line":131,"column":48}},"loc":{"start":{"line":131,"column":52},"end":{"line":131,"column":63}},"line":131},"9":{"name":"(anonymous_9)","decl":{"start":{"line":171,"column":50},"end":{"line":171,"column":51}},"loc":{"start":{"line":173,"column":45},"end":{"line":178,"column":41}},"line":173},"10":{"name":"(anonymous_10)","decl":{"start":{"line":186,"column":40},"end":{"line":186,"column":41}},"loc":{"start":{"line":187,"column":44},"end":{"line":214,"column":50}},"line":187},"11":{"name":"(anonymous_11)","decl":{"start":{"line":205,"column":62},"end":{"line":205,"column":63}},"loc":{"start":{"line":207,"column":57},"end":{"line":212,"column":53}},"line":207},"12":{"name":"(anonymous_12)","decl":{"start":{"line":225,"column":37},"end":{"line":225,"column":38}},"loc":{"start":{"line":225,"column":43},"end":{"line":227,"column":29}},"line":225},"13":{"name":"(anonymous_13)","decl":{"start":{"line":234,"column":37},"end":{"line":234,"column":38}},"loc":{"start":{"line":234,"column":43},"end":{"line":236,"column":29}},"line":234},"14":{"name":"(anonymous_14)","decl":{"start":{"line":250,"column":34},"end":{"line":250,"column":35}},"loc":{"start":{"line":250,"column":78},"end":{"line":255,"column":25}},"line":250},"15":{"name":"(anonymous_15)","decl":{"start":{"line":259,"column":33},"end":{"line":259,"column":34}},"loc":{"start":{"line":259,"column":39},"end":{"line":261,"column":25}},"line":259}},"branchMap":{"0":{"loc":{"start":{"line":30,"column":12},"end":{"line":30,"column":71}},"type":"cond-expr","locations":[{"start":{"line":30,"column":43},"end":{"line":30,"column":44}},{"start":{"line":30,"column":47},"end":{"line":30,"column":71}}],"line":30},"1":{"loc":{"start":{"line":51,"column":18},"end":{"line":51,"column":117}},"type":"cond-expr","locations":[{"start":{"line":51,"column":65},"end":{"line":51,"column":91}},{"start":{"line":51,"column":94},"end":{"line":51,"column":117}}],"line":51},"2":{"loc":{"start":{"line":71,"column":22},"end":{"line":71,"column":66}},"type":"cond-expr","locations":[{"start":{"line":71,"column":32},"end":{"line":71,"column":46}},{"start":{"line":71,"column":49},"end":{"line":71,"column":66}}],"line":71},"3":{"loc":{"start":{"line":120,"column":31},"end":{"line":120,"column":63}},"type":"cond-expr","locations":[{"start":{"line":120,"column":55},"end":{"line":120,"column":58}},{"start":{"line":120,"column":61},"end":{"line":120,"column":63}}],"line":120},"4":{"loc":{"start":{"line":151,"column":29},"end":{"line":163,"column":29}},"type":"binary-expr","locations":[{"start":{"line":151,"column":29},"end":{"line":151,"column":73}},{"start":{"line":152,"column":32},"end":{"line":162,"column":35}}],"line":151},"5":{"loc":{"start":{"line":166,"column":29},"end":{"line":181,"column":29}},"type":"binary-expr","locations":[{"start":{"line":166,"column":29},"end":{"line":166,"column":70}},{"start":{"line":167,"column":32},"end":{"line":180,"column":45}}],"line":166},"6":{"loc":{"start":{"line":182,"column":29},"end":{"line":218,"column":29}},"type":"binary-expr","locations":[{"start":{"line":182,"column":29},"end":{"line":182,"column":73}},{"start":{"line":183,"column":32},"end":{"line":217,"column":45}}],"line":182}},"s":{"0":2,"1":50,"2":48,"3":50,"4":0,"5":0,"6":0,"7":50,"8":0,"9":0,"10":50,"11":0,"12":0,"13":50,"14":0,"15":0,"16":0,"17":50,"18":0,"19":0,"20":0,"21":50,"22":0,"23":1,"24":0,"25":72,"26":0,"27":2,"28":0,"29":1,"30":0},"f":{"0":50,"1":48,"2":0,"3":0,"4":0,"5":0,"6":0,"7":0,"8":1,"9":0,"10":72,"11":0,"12":2,"13":0,"14":1,"15":0},"b":{"0":[0,0],"1":[0,0],"2":[0,0],"3":[12,38],"4":[50,24],"5":[50,26],"6":[50,24]},"_coverageSchema":"1a1c01bbd47fc00a2c39e90264f33305004495a9","hash":"a83b5c4d93e42bfd820dd1129d72175237f8cfe2"}
,"C:\\Users\\Owner\\quizzer_start\\src\\quizzer\\QuizCard.tsx": {"path":"C:\\Users\\Owner\\quizzer_start\\src\\quizzer\\QuizCard.tsx","statementMap":{"0":{"start":{"line":7,"column":24},"end":{"line":38,"column":1}},"1":{"start":{"line":14,"column":30},"end":{"line":17,"column":5}},"2":{"start":{"line":16,"column":12},"end":{"line":16,"column":62}},"3":{"start":{"line":19,"column":4},"end":{"line":37,"column":6}},"4":{"start":{"line":25,"column":24},"end":{"line":25,"column":45}}},"fnMap":{"0":{"name":"(anonymous_0)","decl":{"start":{"line":7,"column":24},"end":{"line":7,"column":25}},"loc":{"start":{"line":13,"column":6},"end":{"line":38,"column":1}},"line":13},"1":{"name":"(anonymous_1)","decl":{"start":{"line":15,"column":8},"end":{"line":15,"column":9}},"loc":{"start":{"line":16,"column":12},"end":{"line":16,"column":62}},"line":16},"2":{"name":"(anonymous_2)","decl":{"start":{"line":24,"column":29},"end":{"line":24,"column":30}},"loc":{"start":{"line":24,"column":35},"end":{"line":26,"column":21}},"line":24}},"branchMap":{"0":{"loc":{"start":{"line":16,"column":12},"end":{"line":16,"column":62}},"type":"binary-expr","locations":[{"start":{"line":16,"column":13},"end":{"line":16,"column":27}},{"start":{"line":16,"column":31},"end":{"line":16,"column":42}},{"start":{"line":16,"column":47},"end":{"line":16,"column":62}}],"line":16},"1":{"loc":{"start":{"line":32,"column":21},"end":{"line":32,"column":62}},"type":"cond-expr","locations":[{"start":{"line":32,"column":54},"end":{"line":32,"column":57}},{"start":{"line":32,"column":60},"end":{"line":32,"column":62}}],"line":32}},"s":{"0":2,"1":90,"2":356,"3":90,"4":10},"f":{"0":90,"1":356,"2":10},"b":{"0":[356,302,160],"1":[90,0]},"_coverageSchema":"1a1c01bbd47fc00a2c39e90264f33305004495a9","hash":"e338ec808ba40e49dacf2be30e6c9aa6c5cc453d"}
,"C:\\Users\\Owner\\quizzer_start\\src\\quizzer\\QuizEdit.tsx": {"path":"C:\\Users\\Owner\\quizzer_start\\src\\quizzer\\QuizEdit.tsx","statementMap":{"0":{"start":{"line":9,"column":24},"end":{"line":191,"column":1}},"1":{"start":{"line":23,"column":34},"end":{"line":23,"column":61}},"2":{"start":{"line":25,"column":25},"end":{"line":41,"column":5}},"3":{"start":{"line":32,"column":27},"end":{"line":35,"column":9}},"4":{"start":{"line":33,"column":12},"end":{"line":34,"column":37}},"5":{"start":{"line":36,"column":8},"end":{"line":39,"column":11}},"6":{"start":{"line":43,"column":27},"end":{"line":56,"column":5}},"7":{"start":{"line":49,"column":27},"end":{"line":49,"column":92}},"8":{"start":{"line":49,"column":72},"end":{"line":49,"column":91}},"9":{"start":{"line":51,"column":8},"end":{"line":54,"column":11}},"10":{"start":{"line":58,"column":24},"end":{"line":60,"column":5}},"11":{"start":{"line":59,"column":8},"end":{"line":59,"column":42}},"12":{"start":{"line":62,"column":25},"end":{"line":74,"column":5}},"13":{"start":{"line":63,"column":8},"end":{"line":73,"column":11}},"14":{"start":{"line":67,"column":20},"end":{"line":67,"column":72}},"15":{"start":{"line":67,"column":38},"end":{"line":67,"column":72}},"16":{"start":{"line":68,"column":20},"end":{"line":68,"column":72}},"17":{"start":{"line":68,"column":38},"end":{"line":68,"column":72}},"18":{"start":{"line":70,"column":20},"end":{"line":70,"column":29}},"19":{"start":{"line":76,"column":4},"end":{"line":190,"column":6}},"20":{"start":{"line":88,"column":36},"end":{"line":91,"column":38}},"21":{"start":{"line":105,"column":32},"end":{"line":108,"column":35}},"22":{"start":{"line":118,"column":28},"end":{"line":118,"column":76}},"23":{"start":{"line":126,"column":20},"end":{"line":134,"column":36}},"24":{"start":{"line":142,"column":24},"end":{"line":157,"column":27}},"25":{"start":{"line":168,"column":32},"end":{"line":168,"column":46}},"26":{"start":{"line":169,"column":32},"end":{"line":169,"column":45}},"27":{"start":{"line":181,"column":28},"end":{"line":181,"column":48}},"28":{"start":{"line":182,"column":28},"end":{"line":182,"column":40}}},"fnMap":{"0":{"name":"(anonymous_0)","decl":{"start":{"line":9,"column":24},"end":{"line":9,"column":25}},"loc":{"start":{"line":22,"column":6},"end":{"line":191,"column":1}},"line":22},"1":{"name":"(anonymous_1)","decl":{"start":{"line":25,"column":25},"end":{"line":25,"column":26}},"loc":{"start":{"line":25,"column":72},"end":{"line":41,"column":5}},"line":25},"2":{"name":"(anonymous_2)","decl":{"start":{"line":32,"column":52},"end":{"line":32,"column":53}},"loc":{"start":{"line":33,"column":12},"end":{"line":34,"column":37}},"line":33},"3":{"name":"(anonymous_3)","decl":{"start":{"line":43,"column":27},"end":{"line":43,"column":28}},"loc":{"start":{"line":43,"column":51},"end":{"line":56,"column":5}},"line":43},"4":{"name":"(anonymous_4)","decl":{"start":{"line":49,"column":55},"end":{"line":49,"column":56}},"loc":{"start":{"line":49,"column":72},"end":{"line":49,"column":91}},"line":49},"5":{"name":"(anonymous_5)","decl":{"start":{"line":58,"column":24},"end":{"line":58,"column":25}},"loc":{"start":{"line":58,"column":30},"end":{"line":60,"column":5}},"line":58},"6":{"name":"(anonymous_6)","decl":{"start":{"line":62,"column":25},"end":{"line":62,"column":26}},"loc":{"start":{"line":62,"column":57},"end":{"line":74,"column":5}},"line":62},"7":{"name":"(anonymous_7)","decl":{"start":{"line":66,"column":16},"end":{"line":66,"column":17}},"loc":{"start":{"line":66,"column":56},"end":{"line":71,"column":17}},"line":66},"8":{"name":"(anonymous_8)","decl":{"start":{"line":85,"column":42},"end":{"line":85,"column":43}},"loc":{"start":{"line":88,"column":36},"end":{"line":91,"column":38}},"line":88},"9":{"name":"(anonymous_9)","decl":{"start":{"line":102,"column":38},"end":{"line":102,"column":39}},"loc":{"start":{"line":104,"column":33},"end":{"line":109,"column":29}},"line":104},"10":{"name":"(anonymous_10)","decl":{"start":{"line":117,"column":34},"end":{"line":117,"column":35}},"loc":{"start":{"line":118,"column":28},"end":{"line":118,"column":76}},"line":118},"11":{"name":"(anonymous_11)","decl":{"start":{"line":125,"column":42},"end":{"line":125,"column":43}},"loc":{"start":{"line":126,"column":20},"end":{"line":134,"column":36}},"line":126},"12":{"name":"(anonymous_12)","decl":{"start":{"line":141,"column":29},"end":{"line":141,"column":30}},"loc":{"start":{"line":141,"column":35},"end":{"line":158,"column":21}},"line":141},"13":{"name":"(anonymous_13)","decl":{"start":{"line":167,"column":37},"end":{"line":167,"column":38}},"loc":{"start":{"line":167,"column":43},"end":{"line":170,"column":29}},"line":167},"14":{"name":"(anonymous_14)","decl":{"start":{"line":180,"column":33},"end":{"line":180,"column":34}},"loc":{"start":{"line":180,"column":39},"end":{"line":183,"column":25}},"line":180}},"branchMap":{"0":{"loc":{"start":{"line":33,"column":12},"end":{"line":34,"column":37}},"type":"cond-expr","locations":[{"start":{"line":34,"column":12},"end":{"line":34,"column":34}},{"start":{"line":34,"column":36},"end":{"line":34,"column":37}}],"line":33},"1":{"loc":{"start":{"line":67,"column":20},"end":{"line":67,"column":72}},"type":"if","locations":[{"start":{"line":67,"column":20},"end":{"line":67,"column":72}},{"start":{},"end":{}}],"line":67},"2":{"loc":{"start":{"line":68,"column":20},"end":{"line":68,"column":72}},"type":"if","locations":[{"start":{"line":68,"column":20},"end":{"line":68,"column":72}},{"start":{},"end":{}}],"line":68}},"s":{"0":2,"1":12,"2":12,"3":1,"4":4,"5":1,"6":12,"7":0,"8":0,"9":0,"10":12,"11":4,"12":12,"13":2,"14":8,"15":2,"16":6,"17":2,"18":4,"19":12,"20":0,"21":2,"22":0,"23":50,"24":1,"25":4,"26":4,"27":1,"28":1},"f":{"0":12,"1":1,"2":4,"3":0,"4":0,"5":4,"6":2,"7":8,"8":0,"9":2,"10":0,"11":50,"12":1,"13":4,"14":1},"b":{"0":[1,3],"1":[2,6],"2":[2,4]},"_coverageSchema":"1a1c01bbd47fc00a2c39e90264f33305004495a9","hash":"446ac9cf7cded6f8062b57f6c3d6163e6e5cfb88"}
,"C:\\Users\\Owner\\quizzer_start\\src\\quizzer\\QuizExpanded.tsx": {"path":"C:\\Users\\Owner\\quizzer_start\\src\\quizzer\\QuizExpanded.tsx","statementMap":{"0":{"start":{"line":10,"column":28},"end":{"line":129,"column":1}},"1":{"start":{"line":22,"column":30},"end":{"line":25,"column":5}},"2":{"start":{"line":24,"column":12},"end":{"line":24,"column":62}},"3":{"start":{"line":27,"column":20},"end":{"line":27,"column":39}},"4":{"start":{"line":28,"column":38},"end":{"line":30,"column":5}},"5":{"start":{"line":32,"column":33},"end":{"line":37,"column":5}},"6":{"start":{"line":33,"column":29},"end":{"line":33,"column":43}},"7":{"start":{"line":35,"column":8},"end":{"line":35,"column":44}},"8":{"start":{"line":36,"column":8},"end":{"line":36,"column":35}},"9":{"start":{"line":39,"column":24},"end":{"line":42,"column":5}},"10":{"start":{"line":40,"column":47},"end":{"line":40,"column":62}},"11":{"start":{"line":44,"column":22},"end":{"line":46,"column":5}},"12":{"start":{"line":45,"column":8},"end":{"line":45,"column":41}},"13":{"start":{"line":45,"column":26},"end":{"line":45,"column":39}},"14":{"start":{"line":48,"column":18},"end":{"line":58,"column":5}},"15":{"start":{"line":49,"column":8},"end":{"line":49,"column":58}},"16":{"start":{"line":50,"column":8},"end":{"line":55,"column":11}},"17":{"start":{"line":53,"column":44},"end":{"line":53,"column":68}},"18":{"start":{"line":57,"column":8},"end":{"line":57,"column":14}},"19":{"start":{"line":60,"column":28},"end":{"line":74,"column":5}},"20":{"start":{"line":66,"column":26},"end":{"line":69,"column":9}},"21":{"start":{"line":67,"column":12},"end":{"line":68,"column":38}},"22":{"start":{"line":71,"column":8},"end":{"line":73,"column":11}},"23":{"start":{"line":76,"column":4},"end":{"line":128,"column":6}},"24":{"start":{"line":91,"column":28},"end":{"line":91,"column":36}},"25":{"start":{"line":92,"column":28},"end":{"line":92,"column":41}},"26":{"start":{"line":108,"column":16},"end":{"line":116,"column":32}}},"fnMap":{"0":{"name":"(anonymous_0)","decl":{"start":{"line":10,"column":28},"end":{"line":10,"column":29}},"loc":{"start":{"line":21,"column":6},"end":{"line":129,"column":1}},"line":21},"1":{"name":"(anonymous_1)","decl":{"start":{"line":23,"column":8},"end":{"line":23,"column":9}},"loc":{"start":{"line":24,"column":12},"end":{"line":24,"column":62}},"line":24},"2":{"name":"(anonymous_2)","decl":{"start":{"line":32,"column":33},"end":{"line":32,"column":34}},"loc":{"start":{"line":32,"column":52},"end":{"line":37,"column":5}},"line":32},"3":{"name":"(anonymous_3)","decl":{"start":{"line":40,"column":8},"end":{"line":40,"column":9}},"loc":{"start":{"line":40,"column":47},"end":{"line":40,"column":62}},"line":40},"4":{"name":"(anonymous_4)","decl":{"start":{"line":44,"column":22},"end":{"line":44,"column":23}},"loc":{"start":{"line":44,"column":37},"end":{"line":46,"column":5}},"line":44},"5":{"name":"(anonymous_5)","decl":{"start":{"line":45,"column":11},"end":{"line":45,"column":12}},"loc":{"start":{"line":45,"column":26},"end":{"line":45,"column":39}},"line":45},"6":{"name":"(anonymous_6)","decl":{"start":{"line":48,"column":18},"end":{"line":48,"column":19}},"loc":{"start":{"line":48,"column":24},"end":{"line":58,"column":5}},"line":48},"7":{"name":"(anonymous_7)","decl":{"start":{"line":53,"column":16},"end":{"line":53,"column":17}},"loc":{"start":{"line":53,"column":44},"end":{"line":53,"column":68}},"line":53},"8":{"name":"(anonymous_8)","decl":{"start":{"line":60,"column":28},"end":{"line":60,"column":29}},"loc":{"start":{"line":60,"column":65},"end":{"line":74,"column":5}},"line":60},"9":{"name":"(anonymous_9)","decl":{"start":{"line":66,"column":48},"end":{"line":66,"column":49}},"loc":{"start":{"line":67,"column":12},"end":{"line":68,"column":38}},"line":67},"10":{"name":"(anonymous_10)","decl":{"start":{"line":90,"column":33},"end":{"line":90,"column":34}},"loc":{"start":{"line":90,"column":39},"end":{"line":93,"column":25}},"line":90},"11":{"name":"(anonymous_11)","decl":{"start":{"line":107,"column":35},"end":{"line":107,"column":36}},"loc":{"start":{"line":108,"column":16},"end":{"line":116,"column":32}},"line":108}},"branchMap":{"0":{"loc":{"start":{"line":24,"column":12},"end":{"line":24,"column":62}},"type":"binary-expr","locations":[{"start":{"line":24,"column":13},"end":{"line":24,"column":27}},{"start":{"line":24,"column":31},"end":{"line":24,"column":42}},{"start":{"line":24,"column":47},"end":{"line":24,"column":62}}],"line":24},"1":{"loc":{"start":{"line":67,"column":12},"end":{"line":68,"column":38}},"type":"cond-expr","locations":[{"start":{"line":68,"column":12},"end":{"line":68,"column":35}},{"start":{"line":68,"column":37},"end":{"line":68,"column":38}}],"line":67},"2":{"loc":{"start":{"line":83,"column":25},"end":{"line":83,"column":66}},"type":"cond-expr","locations":[{"start":{"line":83,"column":58},"end":{"line":83,"column":61}},{"start":{"line":83,"column":64},"end":{"line":83,"column":66}}],"line":83}},"s":{"0":2,"1":19,"2":77,"3":19,"4":19,"5":19,"6":2,"7":2,"8":2,"9":19,"10":44,"11":19,"12":2,"13":2,"14":19,"15":7,"16":7,"17":28,"18":7,"19":19,"20":2,"21":8,"22":2,"23":19,"24":6,"25":6,"26":44},"f":{"0":19,"1":77,"2":2,"3":44,"4":2,"5":2,"6":7,"7":28,"8":2,"9":8,"10":6,"11":44},"b":{"0":[77,68,42],"1":[2,6],"2":[19,0]},"_coverageSchema":"1a1c01bbd47fc00a2c39e90264f33305004495a9","hash":"320310ee9cf91785cddf7f1a8a3c6f1e580f9057"}
,"C:\\Users\\Owner\\quizzer_start\\src\\quizzer\\QuizList.tsx": {"path":"C:\\Users\\Owner\\quizzer_start\\src\\quizzer\\QuizList.tsx","statementMap":{"0":{"start":{"line":8,"column":24},"end":{"line":61,"column":1}},"1":{"start":{"line":20,"column":38},"end":{"line":20,"column":67}},"2":{"start":{"line":22,"column":27},"end":{"line":24,"column":5}},"3":{"start":{"line":23,"column":8},"end":{"line":23,"column":25}},"4":{"start":{"line":26,"column":26},"end":{"line":28,"column":5}},"5":{"start":{"line":27,"column":8},"end":{"line":27,"column":27}},"6":{"start":{"line":30,"column":4},"end":{"line":60,"column":6}},"7":{"start":{"line":35,"column":24},"end":{"line":39,"column":36}},"8":{"start":{"line":47,"column":16},"end":{"line":57,"column":17}},"9":{"start":{"line":48,"column":20},"end":{"line":56,"column":22}}},"fnMap":{"0":{"name":"(anonymous_0)","decl":{"start":{"line":8,"column":24},"end":{"line":8,"column":25}},"loc":{"start":{"line":19,"column":6},"end":{"line":61,"column":1}},"line":19},"1":{"name":"(anonymous_1)","decl":{"start":{"line":22,"column":27},"end":{"line":22,"column":28}},"loc":{"start":{"line":22,"column":43},"end":{"line":24,"column":5}},"line":22},"2":{"name":"(anonymous_2)","decl":{"start":{"line":26,"column":26},"end":{"line":26,"column":27}},"loc":{"start":{"line":26,"column":32},"end":{"line":28,"column":5}},"line":26},"3":{"name":"(anonymous_3)","decl":{"start":{"line":34,"column":33},"end":{"line":34,"column":34}},"loc":{"start":{"line":35,"column":24},"end":{"line":39,"column":36}},"line":35},"4":{"name":"(anonymous_4)","decl":{"start":{"line":46,"column":25},"end":{"line":46,"column":26}},"loc":{"start":{"line":46,"column":41},"end":{"line":58,"column":13}},"line":46}},"branchMap":{"0":{"loc":{"start":{"line":32,"column":13},"end":{"line":45,"column":13}},"type":"binary-expr","locations":[{"start":{"line":32,"column":13},"end":{"line":32,"column":23}},{"start":{"line":33,"column":16},"end":{"line":44,"column":19}}],"line":32},"1":{"loc":{"start":{"line":47,"column":16},"end":{"line":57,"column":17}},"type":"if","locations":[{"start":{"line":47,"column":16},"end":{"line":57,"column":17}},{"start":{},"end":{}}],"line":47}},"s":{"0":2,"1":41,"2":41,"3":10,"4":41,"5":1,"6":41,"7":90,"8":205,"9":23},"f":{"0":41,"1":10,"2":1,"3":90,"4":205},"b":{"0":[41,18],"1":[23,182]},"_coverageSchema":"1a1c01bbd47fc00a2c39e90264f33305004495a9","hash":"01fdfb275082dd95f9b68f7a6b89127a6b693dd7"}
,"C:\\Users\\Owner\\quizzer_start\\src\\quizzer\\QuizQuestion.tsx": {"path":"C:\\Users\\Owner\\quizzer_start\\src\\quizzer\\QuizQuestion.tsx","statementMap":{"0":{"start":{"line":8,"column":28},"end":{"line":93,"column":1}},"1":{"start":{"line":23,"column":24},"end":{"line":27,"column":5}},"2":{"start":{"line":24,"column":8},"end":{"line":26,"column":9}},"3":{"start":{"line":25,"column":12},"end":{"line":25,"column":57}},"4":{"start":{"line":29,"column":30},"end":{"line":34,"column":5}},"5":{"start":{"line":30,"column":8},"end":{"line":30,"column":28}},"6":{"start":{"line":31,"column":8},"end":{"line":33,"column":9}},"7":{"start":{"line":32,"column":12},"end":{"line":32,"column":25}},"8":{"start":{"line":36,"column":4},"end":{"line":92,"column":6}},"9":{"start":{"line":62,"column":36},"end":{"line":70,"column":38}}},"fnMap":{"0":{"name":"(anonymous_0)","decl":{"start":{"line":8,"column":28},"end":{"line":8,"column":29}},"loc":{"start":{"line":22,"column":6},"end":{"line":93,"column":1}},"line":22},"1":{"name":"(anonymous_1)","decl":{"start":{"line":23,"column":24},"end":{"line":23,"column":25}},"loc":{"start":{"line":23,"column":44},"end":{"line":27,"column":5}},"line":23},"2":{"name":"(anonymous_2)","decl":{"start":{"line":29,"column":30},"end":{"line":29,"column":31}},"loc":{"start":{"line":29,"column":36},"end":{"line":34,"column":5}},"line":29},"3":{"name":"(anonymous_3)","decl":{"start":{"line":61,"column":32},"end":{"line":61,"column":33}},"loc":{"start":{"line":62,"column":36},"end":{"line":70,"column":38}},"line":62}},"branchMap":{"0":{"loc":{"start":{"line":24,"column":8},"end":{"line":26,"column":9}},"type":"if","locations":[{"start":{"line":24,"column":8},"end":{"line":26,"column":9}},{"start":{},"end":{}}],"line":24},"1":{"loc":{"start":{"line":31,"column":8},"end":{"line":33,"column":9}},"type":"if","locations":[{"start":{"line":31,"column":8},"end":{"line":33,"column":9}},{"start":{},"end":{}}],"line":31},"2":{"loc":{"start":{"line":45,"column":45},"end":{"line":45,"column":77}},"type":"cond-expr","locations":[{"start":{"line":45,"column":69},"end":{"line":45,"column":72}},{"start":{"line":45,"column":75},"end":{"line":45,"column":77}}],"line":45},"3":{"loc":{"start":{"line":49,"column":21},"end":{"line":57,"column":21}},"type":"binary-expr","locations":[{"start":{"line":49,"column":21},"end":{"line":49,"column":62}},{"start":{"line":50,"column":24},"end":{"line":56,"column":37}}],"line":49},"4":{"loc":{"start":{"line":58,"column":21},"end":{"line":74,"column":21}},"type":"binary-expr","locations":[{"start":{"line":58,"column":21},"end":{"line":58,"column":65}},{"start":{"line":59,"column":24},"end":{"line":73,"column":30}}],"line":58},"5":{"loc":{"start":{"line":76,"column":39},"end":{"line":76,"column":64}},"type":"cond-expr","locations":[{"start":{"line":76,"column":51},"end":{"line":76,"column":53}},{"start":{"line":76,"column":56},"end":{"line":76,"column":64}}],"line":76},"6":{"loc":{"start":{"line":77,"column":29},"end":{"line":79,"column":37}},"type":"cond-expr","locations":[{"start":{"line":78,"column":34},"end":{"line":78,"column":38}},{"start":{"line":79,"column":34},"end":{"line":79,"column":37}}],"line":77}},"s":{"0":2,"1":44,"2":2,"3":2,"4":44,"5":2,"6":2,"7":2,"8":44,"9":66},"f":{"0":44,"1":2,"2":2,"3":66},"b":{"0":[2,0],"1":[2,0],"2":[3,41],"3":[44,22],"4":[44,22],"5":[2,42],"6":[4,40]},"_coverageSchema":"1a1c01bbd47fc00a2c39e90264f33305004495a9","hash":"2264c469325522314d065e63db8dced747e0161d"}
,"C:\\Users\\Owner\\quizzer_start\\src\\quizzer\\QuizView.tsx": {"path":"C:\\Users\\Owner\\quizzer_start\\src\\quizzer\\QuizView.tsx","statementMap":{"0":{"start":{"line":8,"column":24},"end":{"line":47,"column":13}},"1":{"start":{"line":20,"column":28},"end":{"line":20,"column":43}},"2":{"start":{"line":22,"column":23},"end":{"line":24,"column":5}},"3":{"start":{"line":23,"column":8},"end":{"line":23,"column":23}},"4":{"start":{"line":26,"column":4},"end":{"line":46,"column":6}}},"fnMap":{"0":{"name":"(anonymous_0)","decl":{"start":{"line":8,"column":24},"end":{"line":8,"column":25}},"loc":{"start":{"line":19,"column":19},"end":{"line":47,"column":13}},"line":19},"1":{"name":"(anonymous_1)","decl":{"start":{"line":22,"column":23},"end":{"line":22,"column":24}},"loc":{"start":{"line":22,"column":29},"end":{"line":24,"column":5}},"line":22}},"branchMap":{"0":{"loc":{"start":{"line":28,"column":13},"end":{"line":36,"column":13}},"type":"binary-expr","locations":[{"start":{"line":28,"column":13},"end":{"line":28,"column":17}},{"start":{"line":29,"column":16},"end":{"line":35,"column":28}}],"line":28},"1":{"loc":{"start":{"line":37,"column":13},"end":{"line":44,"column":13}},"type":"binary-expr","locations":[{"start":{"line":37,"column":13},"end":{"line":37,"column":18}},{"start":{"line":38,"column":16},"end":{"line":43,"column":32}}],"line":37}},"s":{"0":2,"1":23,"2":23,"3":10,"4":23},"f":{"0":23,"1":10},"b":{"0":[23,6],"1":[23,17]},"_coverageSchema":"1a1c01bbd47fc00a2c39e90264f33305004495a9","hash":"4e394452721d36cc56ebb9395c3aa26eb7a06e4d"}
,"C:\\Users\\Owner\\quizzer_start\\src\\quizzer\\Quizzer.tsx": {"path":"C:\\Users\\Owner\\quizzer_start\\src\\quizzer\\Quizzer.tsx","statementMap":{"0":{"start":{"line":10,"column":16},"end":{"line":21,"column":1}},"1":{"start":{"line":11,"column":21},"end":{"line":20,"column":5}},"2":{"start":{"line":14,"column":30},"end":{"line":18,"column":13}},"3":{"start":{"line":23,"column":23},"end":{"line":114,"column":1}},"4":{"start":{"line":24,"column":34},"end":{"line":24,"column":59}},"5":{"start":{"line":25,"column":44},"end":{"line":25,"column":59}},"6":{"start":{"line":28,"column":8},"end":{"line":30,"column":10}},"7":{"start":{"line":29,"column":44},"end":{"line":29,"column":70}},"8":{"start":{"line":35,"column":30},"end":{"line":39,"column":29}},"9":{"start":{"line":40,"column":8},"end":{"line":40,"column":42}},"10":{"start":{"line":44,"column":8},"end":{"line":44,"column":71}},"11":{"start":{"line":44,"column":56},"end":{"line":44,"column":68}},"12":{"start":{"line":47,"column":28},"end":{"line":47,"column":55}},"13":{"start":{"line":47,"column":34},"end":{"line":47,"column":55}},"14":{"start":{"line":48,"column":29},"end":{"line":48,"column":57}},"15":{"start":{"line":48,"column":35},"end":{"line":48,"column":57}},"16":{"start":{"line":50,"column":4},"end":{"line":113,"column":6}}},"fnMap":{"0":{"name":"(anonymous_0)","decl":{"start":{"line":11,"column":4},"end":{"line":11,"column":5}},"loc":{"start":{"line":11,"column":21},"end":{"line":20,"column":5}},"line":11},"1":{"name":"(anonymous_1)","decl":{"start":{"line":14,"column":12},"end":{"line":14,"column":13}},"loc":{"start":{"line":14,"column":30},"end":{"line":18,"column":13}},"line":14},"2":{"name":"(anonymous_2)","decl":{"start":{"line":23,"column":23},"end":{"line":23,"column":24}},"loc":{"start":{"line":23,"column":29},"end":{"line":114,"column":1}},"line":23},"3":{"name":"editQuiz","decl":{"start":{"line":27,"column":13},"end":{"line":27,"column":21}},"loc":{"start":{"line":27,"column":50},"end":{"line":31,"column":5}},"line":27},"4":{"name":"(anonymous_4)","decl":{"start":{"line":29,"column":24},"end":{"line":29,"column":25}},"loc":{"start":{"line":29,"column":44},"end":{"line":29,"column":70}},"line":29},"5":{"name":"addQuiz","decl":{"start":{"line":33,"column":13},"end":{"line":33,"column":20}},"loc":{"start":{"line":33,"column":50},"end":{"line":41,"column":5}},"line":33},"6":{"name":"deleteQuiz","decl":{"start":{"line":43,"column":13},"end":{"line":43,"column":23}},"loc":{"start":{"line":43,"column":37},"end":{"line":45,"column":5}},"line":43},"7":{"name":"(anonymous_7)","decl":{"start":{"line":44,"column":34},"end":{"line":44,"column":35}},"loc":{"start":{"line":44,"column":56},"end":{"line":44,"column":68}},"line":44},"8":{"name":"(anonymous_8)","decl":{"start":{"line":47,"column":28},"end":{"line":47,"column":29}},"loc":{"start":{"line":47,"column":34},"end":{"line":47,"column":55}},"line":47},"9":{"name":"(anonymous_9)","decl":{"start":{"line":48,"column":29},"end":{"line":48,"column":30}},"loc":{"start":{"line":48,"column":35},"end":{"line":48,"column":57}},"line":48}},"branchMap":{"0":{"loc":{"start":{"line":29,"column":44},"end":{"line":29,"column":70}},"type":"cond-expr","locations":[{"start":{"line":29,"column":59},"end":{"line":29,"column":66}},{"start":{"line":29,"column":69},"end":{"line":29,"column":70}}],"line":29}},"s":{"0":2,"1":10,"2":40,"3":2,"4":31,"5":31,"6":13,"7":65,"8":1,"9":1,"10":1,"11":5,"12":31,"13":1,"14":31,"15":1,"16":31},"f":{"0":10,"1":40,"2":31,"3":13,"4":65,"5":1,"6":1,"7":5,"8":1,"9":1},"b":{"0":[13,52]},"_coverageSchema":"1a1c01bbd47fc00a2c39e90264f33305004495a9","hash":"e70e2a9128c4eeef65f41fbe51bf5a318741af50"}
}
