TN:
SF:src\App.tsx
FN:7,App
FN:15,(anonymous_1)
FNF:2
FNH:1
FNDA:1,App
FNDA:0,(anonymous_1)
DA:8,1
DA:10,1
DA:16,0
LF:3
LH:2
BRDA:19,0,0,1
BRDA:19,0,1,0
BRDA:22,1,0,1
BRDA:22,1,1,0
BRF:4
BRH:2
end_of_record
TN:
SF:src\interfaces\question.ts
FNF:0
FNH:0
LF:0
LH:0
BRF:0
BRH:0
end_of_record
TN:
SF:src\interfaces\quiz.ts
FNF:0
FNH:0
LF:0
LH:0
BRF:0
BRH:0
end_of_record
TN:
SF:src\quizzer\AddQuizModal.tsx
FN:4,(anonymous_0)
FN:18,(anonymous_1)
FN:36,(anonymous_2)
FN:46,(anonymous_3)
FN:55,(anonymous_4)
FNF:5
FNH:2
FNDA:31,(anonymous_0)
FNDA:1,(anonymous_1)
FNDA:0,(anonymous_2)
FNDA:0,(anonymous_3)
FNDA:0,(anonymous_4)
DA:4,2
DA:14,31
DA:16,31
DA:18,31
DA:19,1
DA:20,1
DA:21,1
DA:22,1
DA:25,31
DA:38,0
DA:48,0
DA:56,0
DA:57,0
DA:58,0
LF:14
LH:9
BRF:0
BRH:0
end_of_record
TN:
SF:src\quizzer\QuestionEdit.tsx
FN:7,(anonymous_0)
FN:24,(anonymous_1)
FN:27,(anonymous_2)
FN:47,(anonymous_3)
FN:57,(anonymous_4)
FN:62,(anonymous_5)
FN:75,(anonymous_6)
FN:98,(anonymous_7)
FN:131,(anonymous_8)
FN:171,(anonymous_9)
FN:186,(anonymous_10)
FN:205,(anonymous_11)
FN:225,(anonymous_12)
FN:234,(anonymous_13)
FN:250,(anonymous_14)
FN:259,(anonymous_15)
FNF:16
FNH:6
FNDA:50,(anonymous_0)
FNDA:48,(anonymous_1)
FNDA:0,(anonymous_2)
FNDA:0,(anonymous_3)
FNDA:0,(anonymous_4)
FNDA:0,(anonymous_5)
FNDA:0,(anonymous_6)
FNDA:0,(anonymous_7)
FNDA:1,(anonymous_8)
FNDA:0,(anonymous_9)
FNDA:72,(anonymous_10)
FNDA:0,(anonymous_11)
FNDA:2,(anonymous_12)
FNDA:0,(anonymous_13)
FNDA:1,(anonymous_14)
FNDA:0,(anonymous_15)
DA:7,2
DA:23,50
DA:24,48
DA:27,50
DA:28,0
DA:30,0
DA:31,0
DA:47,50
DA:48,0
DA:49,0
DA:57,50
DA:58,0
DA:59,0
DA:62,50
DA:66,0
DA:67,0
DA:68,0
DA:75,50
DA:76,0
DA:77,0
DA:78,0
DA:84,50
DA:101,0
DA:131,1
DA:174,0
DA:187,72
DA:208,0
DA:226,2
DA:235,0
DA:251,1
DA:260,0
LF:31
LH:13
BRDA:30,0,0,0
BRDA:30,0,1,0
BRDA:51,1,0,0
BRDA:51,1,1,0
BRDA:71,2,0,0
BRDA:71,2,1,0
BRDA:120,3,0,12
BRDA:120,3,1,38
BRDA:151,4,0,50
BRDA:151,4,1,24
BRDA:166,5,0,50
BRDA:166,5,1,26
BRDA:182,6,0,50
BRDA:182,6,1,24
BRF:14
BRH:8
end_of_record
TN:
SF:src\quizzer\QuizCard.tsx
FN:7,(anonymous_0)
FN:15,(anonymous_1)
FN:24,(anonymous_2)
FNF:3
FNH:3
FNDA:90,(anonymous_0)
FNDA:356,(anonymous_1)
FNDA:10,(anonymous_2)
DA:7,2
DA:14,90
DA:16,356
DA:19,90
DA:25,10
LF:5
LH:5
BRDA:16,0,0,356
BRDA:16,0,1,302
BRDA:16,0,2,160
BRDA:32,1,0,90
BRDA:32,1,1,0
BRF:5
BRH:4
end_of_record
TN:
SF:src\quizzer\QuizEdit.tsx
FN:9,(anonymous_0)
FN:25,(anonymous_1)
FN:32,(anonymous_2)
FN:43,(anonymous_3)
FN:49,(anonymous_4)
FN:58,(anonymous_5)
FN:62,(anonymous_6)
FN:66,(anonymous_7)
FN:85,(anonymous_8)
FN:102,(anonymous_9)
FN:117,(anonymous_10)
FN:125,(anonymous_11)
FN:141,(anonymous_12)
FN:167,(anonymous_13)
FN:180,(anonymous_14)
FNF:15
FNH:11
FNDA:12,(anonymous_0)
FNDA:1,(anonymous_1)
FNDA:4,(anonymous_2)
FNDA:0,(anonymous_3)
FNDA:0,(anonymous_4)
FNDA:4,(anonymous_5)
FNDA:2,(anonymous_6)
FNDA:8,(anonymous_7)
FNDA:0,(anonymous_8)
FNDA:2,(anonymous_9)
FNDA:0,(anonymous_10)
FNDA:50,(anonymous_11)
FNDA:1,(anonymous_12)
FNDA:4,(anonymous_13)
FNDA:1,(anonymous_14)
DA:9,2
DA:23,12
DA:25,12
DA:32,1
DA:33,4
DA:36,1
DA:43,12
DA:49,0
DA:51,0
DA:58,12
DA:59,4
DA:62,12
DA:63,2
DA:67,8
DA:68,6
DA:70,4
DA:76,12
DA:88,0
DA:105,2
DA:118,0
DA:126,50
DA:142,1
DA:168,4
DA:169,4
DA:181,1
DA:182,1
LF:26
LH:22
BRDA:33,0,0,1
BRDA:33,0,1,3
BRDA:67,1,0,2
BRDA:67,1,1,6
BRDA:68,2,0,2
BRDA:68,2,1,4
BRF:6
BRH:6
end_of_record
TN:
SF:src\quizzer\QuizExpanded.tsx
FN:10,(anonymous_0)
FN:23,(anonymous_1)
FN:32,(anonymous_2)
FN:40,(anonymous_3)
FN:44,(anonymous_4)
FN:45,(anonymous_5)
FN:48,(anonymous_6)
FN:53,(anonymous_7)
FN:60,(anonymous_8)
FN:66,(anonymous_9)
FN:90,(anonymous_10)
FN:107,(anonymous_11)
FNF:12
FNH:12
FNDA:19,(anonymous_0)
FNDA:77,(anonymous_1)
FNDA:2,(anonymous_2)
FNDA:44,(anonymous_3)
FNDA:2,(anonymous_4)
FNDA:2,(anonymous_5)
FNDA:7,(anonymous_6)
FNDA:28,(anonymous_7)
FNDA:2,(anonymous_8)
FNDA:8,(anonymous_9)
FNDA:6,(anonymous_10)
FNDA:44,(anonymous_11)
DA:10,2
DA:22,19
DA:24,77
DA:27,19
DA:28,19
DA:32,19
DA:33,2
DA:35,2
DA:36,2
DA:39,19
DA:40,44
DA:44,19
DA:45,2
DA:48,19
DA:49,7
DA:50,7
DA:53,28
DA:57,7
DA:60,19
DA:66,2
DA:67,8
DA:71,2
DA:76,19
DA:91,6
DA:92,6
DA:108,44
LF:26
LH:26
BRDA:24,0,0,77
BRDA:24,0,1,68
BRDA:24,0,2,42
BRDA:67,1,0,2
BRDA:67,1,1,6
BRDA:83,2,0,19
BRDA:83,2,1,0
BRF:7
BRH:6
end_of_record
TN:
SF:src\quizzer\QuizList.tsx
FN:8,(anonymous_0)
FN:22,(anonymous_1)
FN:26,(anonymous_2)
FN:34,(anonymous_3)
FN:46,(anonymous_4)
FNF:5
FNH:5
FNDA:41,(anonymous_0)
FNDA:10,(anonymous_1)
FNDA:1,(anonymous_2)
FNDA:90,(anonymous_3)
FNDA:205,(anonymous_4)
DA:8,2
DA:20,41
DA:22,41
DA:23,10
DA:26,41
DA:27,1
DA:30,41
DA:35,90
DA:47,205
DA:48,23
LF:10
LH:10
BRDA:32,0,0,41
BRDA:32,0,1,18
BRDA:47,1,0,23
BRDA:47,1,1,182
BRF:4
BRH:4
end_of_record
TN:
SF:src\quizzer\QuizQuestion.tsx
FN:8,(anonymous_0)
FN:23,(anonymous_1)
FN:29,(anonymous_2)
FN:61,(anonymous_3)
FNF:4
FNH:4
FNDA:44,(anonymous_0)
FNDA:2,(anonymous_1)
FNDA:2,(anonymous_2)
FNDA:66,(anonymous_3)
DA:8,2
DA:23,44
DA:24,2
DA:25,2
DA:29,44
DA:30,2
DA:31,2
DA:32,2
DA:36,44
DA:62,66
LF:10
LH:10
BRDA:24,0,0,2
BRDA:24,0,1,0
BRDA:31,1,0,2
BRDA:31,1,1,0
BRDA:45,2,0,3
BRDA:45,2,1,41
BRDA:49,3,0,44
BRDA:49,3,1,22
BRDA:58,4,0,44
BRDA:58,4,1,22
BRDA:76,5,0,2
BRDA:76,5,1,42
BRDA:77,6,0,4
BRDA:77,6,1,40
BRF:14
BRH:12
end_of_record
TN:
SF:src\quizzer\QuizView.tsx
FN:8,(anonymous_0)
FN:22,(anonymous_1)
FNF:2
FNH:2
FNDA:23,(anonymous_0)
FNDA:10,(anonymous_1)
DA:8,2
DA:20,23
DA:22,23
DA:23,10
DA:26,23
LF:5
LH:5
BRDA:28,0,0,23
BRDA:28,0,1,6
BRDA:37,1,0,23
BRDA:37,1,1,17
BRF:4
BRH:4
end_of_record
TN:
SF:src\quizzer\Quizzer.tsx
FN:11,(anonymous_0)
FN:14,(anonymous_1)
FN:23,(anonymous_2)
FN:27,editQuiz
FN:29,(anonymous_4)
FN:33,addQuiz
FN:43,deleteQuiz
FN:44,(anonymous_7)
FN:47,(anonymous_8)
FN:48,(anonymous_9)
FNF:10
FNH:10
FNDA:10,(anonymous_0)
FNDA:40,(anonymous_1)
FNDA:31,(anonymous_2)
FNDA:13,editQuiz
FNDA:65,(anonymous_4)
FNDA:1,addQuiz
FNDA:1,deleteQuiz
FNDA:5,(anonymous_7)
FNDA:1,(anonymous_8)
FNDA:1,(anonymous_9)
DA:10,2
DA:11,10
DA:14,40
DA:23,2
DA:24,31
DA:25,31
DA:28,13
DA:29,65
DA:35,1
DA:40,1
DA:44,5
DA:47,31
DA:48,31
DA:50,31
LF:14
LH:14
BRDA:29,0,0,13
BRDA:29,0,1,52
BRF:2
BRH:2
end_of_record
